<?xml version="1.0" encoding="UTF-8"?>
<!-- Generated by org.testng.reporters.JUnitReportReporter -->
<testsuite hostname="inbl01lap7185" failures="0" tests="1" name="HomePageTest" time="63.951" errors="0" timestamp="2022-02-16T12:24:39 GMT-05:00" skipped="0">
  <testcase classname="HomePageTest" name="validateRegistrationOfPatient" time="63.951"/>
  <system-out/>
</testsuite> <!-- HomePageTest -->
